{"D:\\Studio Sol\\GuessNumber\\src\\components\\displayNumber\\index.tsx": {"path":"D:\\Studio Sol\\GuessNumber\\src\\components\\displayNumber\\index.tsx","statementMap":{"0":{"start":{"line":23,"column":46},"end":{"line":104,"column":1}},"1":{"start":{"line":24,"column":28},"end":{"line":24,"column":33}},"2":{"start":{"line":26,"column":16},"end":{"line":35,"column":3}},"3":{"start":{"line":27,"column":4},"end":{"line":34,"column":5}},"4":{"start":{"line":29,"column":8},"end":{"line":29,"column":30}},"5":{"start":{"line":31,"column":8},"end":{"line":31,"column":28}},"6":{"start":{"line":33,"column":8},"end":{"line":33,"column":31}},"7":{"start":{"line":57,"column":4},"end":{"line":59,"column":24}},"8":{"start":{"line":62,"column":4},"end":{"line":64,"column":24}},"9":{"start":{"line":67,"column":4},"end":{"line":69,"column":24}},"10":{"start":{"line":72,"column":4},"end":{"line":74,"column":24}},"11":{"start":{"line":77,"column":4},"end":{"line":77,"column":75}},"12":{"start":{"line":80,"column":4},"end":{"line":82,"column":24}},"13":{"start":{"line":85,"column":4},"end":{"line":87,"column":24}},"14":{"start":{"line":89,"column":2},"end":{"line":103,"column":4}}},"fnMap":{"0":{"name":"(anonymous_0)","decl":{"start":{"line":23,"column":46},"end":{"line":23,"column":47}},"loc":{"start":{"line":23,"column":55},"end":{"line":104,"column":1}},"line":23},"1":{"name":"(anonymous_1)","decl":{"start":{"line":26,"column":16},"end":{"line":26,"column":17}},"loc":{"start":{"line":26,"column":22},"end":{"line":35,"column":3}},"line":26}},"branchMap":{"0":{"loc":{"start":{"line":27,"column":4},"end":{"line":34,"column":5}},"type":"switch","locations":[{"start":{"line":28,"column":6},"end":{"line":29,"column":30}},{"start":{"line":30,"column":6},"end":{"line":31,"column":28}},{"start":{"line":32,"column":6},"end":{"line":33,"column":31}}],"line":27},"1":{"loc":{"start":{"line":57,"column":4},"end":{"line":59,"column":24}},"type":"cond-expr","locations":[{"start":{"line":58,"column":8},"end":{"line":58,"column":15}},{"start":{"line":59,"column":8},"end":{"line":59,"column":24}}],"line":57},"2":{"loc":{"start":{"line":62,"column":4},"end":{"line":64,"column":24}},"type":"cond-expr","locations":[{"start":{"line":63,"column":8},"end":{"line":63,"column":15}},{"start":{"line":64,"column":8},"end":{"line":64,"column":24}}],"line":62},"3":{"loc":{"start":{"line":67,"column":4},"end":{"line":69,"column":24}},"type":"cond-expr","locations":[{"start":{"line":68,"column":8},"end":{"line":68,"column":15}},{"start":{"line":69,"column":8},"end":{"line":69,"column":24}}],"line":67},"4":{"loc":{"start":{"line":72,"column":4},"end":{"line":74,"column":24}},"type":"cond-expr","locations":[{"start":{"line":73,"column":8},"end":{"line":73,"column":15}},{"start":{"line":74,"column":8},"end":{"line":74,"column":24}}],"line":72},"5":{"loc":{"start":{"line":77,"column":4},"end":{"line":77,"column":75}},"type":"cond-expr","locations":[{"start":{"line":77,"column":49},"end":{"line":77,"column":56}},{"start":{"line":77,"column":59},"end":{"line":77,"column":75}}],"line":77},"6":{"loc":{"start":{"line":80,"column":4},"end":{"line":82,"column":24}},"type":"cond-expr","locations":[{"start":{"line":81,"column":8},"end":{"line":81,"column":15}},{"start":{"line":82,"column":8},"end":{"line":82,"column":24}}],"line":80},"7":{"loc":{"start":{"line":85,"column":4},"end":{"line":87,"column":24}},"type":"cond-expr","locations":[{"start":{"line":86,"column":8},"end":{"line":86,"column":15}},{"start":{"line":87,"column":8},"end":{"line":87,"column":24}}],"line":85}},"s":{"0":1,"1":2,"2":2,"3":12,"4":0,"5":0,"6":12,"7":2,"8":2,"9":2,"10":2,"11":2,"12":2,"13":2,"14":2},"f":{"0":2,"1":12},"b":{"0":[0,0,12],"1":[2,0],"2":[2,0],"3":[2,0],"4":[2,0],"5":[2,0],"6":[2,0],"7":[0,2]},"_coverageSchema":"1a1c01bbd47fc00a2c39e90264f33305004495a9","hash":"47e84f2af1cf26bf46031ccb1245b7807fb7b1b7"}
,"D:\\Studio Sol\\GuessNumber\\src\\pages\\play\\index.tsx": {"path":"D:\\Studio Sol\\GuessNumber\\src\\pages\\play\\index.tsx","statementMap":{"0":{"start":{"line":18,"column":0},"end":{"line":18,"column":33}},"1":{"start":{"line":20,"column":22},"end":{"line":161,"column":1}},"2":{"start":{"line":21,"column":28},"end":{"line":21,"column":49}},"3":{"start":{"line":22,"column":32},"end":{"line":22,"column":50}},"4":{"start":{"line":23,"column":30},"end":{"line":23,"column":48}},"5":{"start":{"line":24,"column":32},"end":{"line":24,"column":55}},"6":{"start":{"line":25,"column":32},"end":{"line":25,"column":56}},"7":{"start":{"line":26,"column":34},"end":{"line":26,"column":58}},"8":{"start":{"line":28,"column":2},"end":{"line":52,"column":16}},"9":{"start":{"line":29,"column":16},"end":{"line":29,"column":49}},"10":{"start":{"line":30,"column":16},"end":{"line":30,"column":49}},"11":{"start":{"line":33,"column":6},"end":{"line":45,"column":11}},"12":{"start":{"line":36,"column":10},"end":{"line":36,"column":42}},"13":{"start":{"line":39,"column":10},"end":{"line":44,"column":11}},"14":{"start":{"line":40,"column":12},"end":{"line":40,"column":30}},"15":{"start":{"line":41,"column":12},"end":{"line":41,"column":30}},"16":{"start":{"line":42,"column":12},"end":{"line":42,"column":52}},"17":{"start":{"line":43,"column":12},"end":{"line":43,"column":70}},"18":{"start":{"line":48,"column":4},"end":{"line":51,"column":5}},"19":{"start":{"line":49,"column":6},"end":{"line":49,"column":16}},"20":{"start":{"line":50,"column":6},"end":{"line":50,"column":24}},"21":{"start":{"line":56,"column":24},"end":{"line":56,"column":39}},"22":{"start":{"line":57,"column":24},"end":{"line":57,"column":39}},"23":{"start":{"line":59,"column":4},"end":{"line":67,"column":5}},"24":{"start":{"line":60,"column":6},"end":{"line":60,"column":35}},"25":{"start":{"line":61,"column":6},"end":{"line":61,"column":23}},"26":{"start":{"line":62,"column":6},"end":{"line":62,"column":66}},"27":{"start":{"line":63,"column":11},"end":{"line":67,"column":5}},"28":{"start":{"line":64,"column":6},"end":{"line":64,"column":27}},"29":{"start":{"line":66,"column":6},"end":{"line":66,"column":27}},"30":{"start":{"line":72,"column":24},"end":{"line":72,"column":57}},"31":{"start":{"line":73,"column":18},"end":{"line":73,"column":29}},"32":{"start":{"line":76,"column":4},"end":{"line":76,"column":72}},"33":{"start":{"line":80,"column":23},"end":{"line":82,"column":29}},"34":{"start":{"line":85,"column":4},"end":{"line":95,"column":5}},"35":{"start":{"line":86,"column":6},"end":{"line":86,"column":38}},"36":{"start":{"line":87,"column":6},"end":{"line":87,"column":20}},"37":{"start":{"line":88,"column":6},"end":{"line":88,"column":68}},"38":{"start":{"line":89,"column":11},"end":{"line":95,"column":5}},"39":{"start":{"line":90,"column":6},"end":{"line":90,"column":54}},"40":{"start":{"line":92,"column":6},"end":{"line":92,"column":27}},"41":{"start":{"line":93,"column":6},"end":{"line":93,"column":30}},"42":{"start":{"line":94,"column":6},"end":{"line":94,"column":71}},"43":{"start":{"line":99,"column":4},"end":{"line":99,"column":21}},"44":{"start":{"line":100,"column":4},"end":{"line":100,"column":22}},"45":{"start":{"line":101,"column":4},"end":{"line":101,"column":23}},"46":{"start":{"line":102,"column":4},"end":{"line":102,"column":18}},"47":{"start":{"line":103,"column":4},"end":{"line":103,"column":18}},"48":{"start":{"line":104,"column":4},"end":{"line":104,"column":67}},"49":{"start":{"line":105,"column":4},"end":{"line":105,"column":65}},"50":{"start":{"line":109,"column":4},"end":{"line":111,"column":5}},"51":{"start":{"line":110,"column":6},"end":{"line":110,"column":23}},"52":{"start":{"line":112,"column":4},"end":{"line":114,"column":5}},"53":{"start":{"line":113,"column":6},"end":{"line":113,"column":21}},"54":{"start":{"line":115,"column":4},"end":{"line":115,"column":21}},"55":{"start":{"line":118,"column":2},"end":{"line":160,"column":4}},"56":{"start":{"line":130,"column":47},"end":{"line":130,"column":54}},"57":{"start":{"line":149,"column":31},"end":{"line":149,"column":47}},"58":{"start":{"line":151,"column":60},"end":{"line":151,"column":72}}},"fnMap":{"0":{"name":"(anonymous_0)","decl":{"start":{"line":20,"column":22},"end":{"line":20,"column":23}},"loc":{"start":{"line":20,"column":28},"end":{"line":161,"column":1}},"line":20},"1":{"name":"(anonymous_1)","decl":{"start":{"line":28,"column":12},"end":{"line":28,"column":13}},"loc":{"start":{"line":28,"column":18},"end":{"line":52,"column":3}},"line":28},"2":{"name":"sorteio","decl":{"start":{"line":32,"column":19},"end":{"line":32,"column":26}},"loc":{"start":{"line":32,"column":29},"end":{"line":46,"column":5}},"line":32},"3":{"name":"(anonymous_3)","decl":{"start":{"line":35,"column":14},"end":{"line":35,"column":15}},"loc":{"start":{"line":35,"column":43},"end":{"line":37,"column":9}},"line":35},"4":{"name":"(anonymous_4)","decl":{"start":{"line":38,"column":15},"end":{"line":38,"column":16}},"loc":{"start":{"line":38,"column":38},"end":{"line":45,"column":9}},"line":38},"5":{"name":"VerifyGuess","decl":{"start":{"line":54,"column":11},"end":{"line":54,"column":22}},"loc":{"start":{"line":54,"column":40},"end":{"line":68,"column":3}},"line":54},"6":{"name":"onChangeGuess","decl":{"start":{"line":70,"column":11},"end":{"line":70,"column":24}},"loc":{"start":{"line":70,"column":59},"end":{"line":77,"column":3}},"line":70},"7":{"name":"MakeAGuess","decl":{"start":{"line":79,"column":11},"end":{"line":79,"column":21}},"loc":{"start":{"line":79,"column":24},"end":{"line":96,"column":3}},"line":79},"8":{"name":"Reset","decl":{"start":{"line":98,"column":11},"end":{"line":98,"column":16}},"loc":{"start":{"line":98,"column":19},"end":{"line":106,"column":3}},"line":98},"9":{"name":"GetStatus","decl":{"start":{"line":108,"column":11},"end":{"line":108,"column":20}},"loc":{"start":{"line":108,"column":23},"end":{"line":116,"column":3}},"line":108},"10":{"name":"(anonymous_10)","decl":{"start":{"line":130,"column":41},"end":{"line":130,"column":42}},"loc":{"start":{"line":130,"column":47},"end":{"line":130,"column":54}},"line":130},"11":{"name":"(anonymous_11)","decl":{"start":{"line":149,"column":26},"end":{"line":149,"column":27}},"loc":{"start":{"line":149,"column":31},"end":{"line":149,"column":47}},"line":149},"12":{"name":"(anonymous_12)","decl":{"start":{"line":151,"column":54},"end":{"line":151,"column":55}},"loc":{"start":{"line":151,"column":60},"end":{"line":151,"column":72}},"line":151}},"branchMap":{"0":{"loc":{"start":{"line":39,"column":10},"end":{"line":44,"column":11}},"type":"if","locations":[{"start":{"line":39,"column":10},"end":{"line":44,"column":11}},{"start":{},"end":{}}],"line":39},"1":{"loc":{"start":{"line":48,"column":4},"end":{"line":51,"column":5}},"type":"if","locations":[{"start":{"line":48,"column":4},"end":{"line":51,"column":5}},{"start":{},"end":{}}],"line":48},"2":{"loc":{"start":{"line":59,"column":4},"end":{"line":67,"column":5}},"type":"if","locations":[{"start":{"line":59,"column":4},"end":{"line":67,"column":5}},{"start":{"line":63,"column":11},"end":{"line":67,"column":5}}],"line":59},"3":{"loc":{"start":{"line":63,"column":11},"end":{"line":67,"column":5}},"type":"if","locations":[{"start":{"line":63,"column":11},"end":{"line":67,"column":5}},{"start":{"line":65,"column":11},"end":{"line":67,"column":5}}],"line":63},"4":{"loc":{"start":{"line":85,"column":4},"end":{"line":95,"column":5}},"type":"if","locations":[{"start":{"line":85,"column":4},"end":{"line":95,"column":5}},{"start":{"line":89,"column":11},"end":{"line":95,"column":5}}],"line":85},"5":{"loc":{"start":{"line":85,"column":8},"end":{"line":85,"column":76}},"type":"binary-expr","locations":[{"start":{"line":85,"column":8},"end":{"line":85,"column":27}},{"start":{"line":85,"column":31},"end":{"line":85,"column":55}},{"start":{"line":85,"column":59},"end":{"line":85,"column":76}}],"line":85},"6":{"loc":{"start":{"line":89,"column":11},"end":{"line":95,"column":5}},"type":"if","locations":[{"start":{"line":89,"column":11},"end":{"line":95,"column":5}},{"start":{"line":91,"column":11},"end":{"line":95,"column":5}}],"line":89},"7":{"loc":{"start":{"line":109,"column":4},"end":{"line":111,"column":5}},"type":"if","locations":[{"start":{"line":109,"column":4},"end":{"line":111,"column":5}},{"start":{},"end":{}}],"line":109},"8":{"loc":{"start":{"line":112,"column":4},"end":{"line":114,"column":5}},"type":"if","locations":[{"start":{"line":112,"column":4},"end":{"line":114,"column":5}},{"start":{},"end":{}}],"line":112},"9":{"loc":{"start":{"line":129,"column":9},"end":{"line":134,"column":9}},"type":"binary-expr","locations":[{"start":{"line":129,"column":10},"end":{"line":129,"column":17}},{"start":{"line":129,"column":21},"end":{"line":129,"column":29}},{"start":{"line":130,"column":10},"end":{"line":133,"column":19}}],"line":129},"10":{"loc":{"start":{"line":136,"column":11},"end":{"line":155,"column":11}},"type":"cond-expr","locations":[{"start":{"line":137,"column":12},"end":{"line":142,"column":15}},{"start":{"line":144,"column":12},"end":{"line":154,"column":15}}],"line":136},"11":{"loc":{"start":{"line":136,"column":11},"end":{"line":136,"column":30}},"type":"binary-expr","locations":[{"start":{"line":136,"column":11},"end":{"line":136,"column":18}},{"start":{"line":136,"column":22},"end":{"line":136,"column":30}}],"line":136}},"s":{"0":1,"1":1,"2":2,"3":2,"4":2,"5":2,"6":2,"7":2,"8":2,"9":2,"10":2,"11":1,"12":0,"13":0,"14":0,"15":0,"16":0,"17":0,"18":2,"19":1,"20":1,"21":0,"22":0,"23":0,"24":0,"25":0,"26":0,"27":0,"28":0,"29":0,"30":0,"31":0,"32":0,"33":0,"34":0,"35":0,"36":0,"37":0,"38":0,"39":0,"40":0,"41":0,"42":0,"43":0,"44":0,"45":0,"46":0,"47":0,"48":0,"49":0,"50":2,"51":0,"52":2,"53":0,"54":2,"55":2,"56":0,"57":0,"58":0},"f":{"0":2,"1":2,"2":1,"3":0,"4":0,"5":0,"6":0,"7":0,"8":0,"9":2,"10":0,"11":0,"12":0},"b":{"0":[0,0],"1":[1,1],"2":[0,0],"3":[0,0],"4":[0,0],"5":[0,0,0],"6":[0,0],"7":[0,2],"8":[0,2],"9":[2,2,0],"10":[0,2],"11":[2,2]},"_coverageSchema":"1a1c01bbd47fc00a2c39e90264f33305004495a9","hash":"ff395a125a626db2f0df63ba3eca92d947e08a94"}
}
