TN:
SF:src\components\displayNumber\index.tsx
FN:23,(anonymous_0)
FN:26,(anonymous_1)
FNF:2
FNH:2
FNDA:2,(anonymous_0)
FNDA:12,(anonymous_1)
DA:23,1
DA:24,2
DA:26,2
DA:27,12
DA:29,0
DA:31,0
DA:33,12
DA:57,2
DA:62,2
DA:67,2
DA:72,2
DA:77,2
DA:80,2
DA:85,2
DA:89,2
LF:15
LH:13
BRDA:27,0,0,0
BRDA:27,0,1,0
BRDA:27,0,2,12
BRDA:57,1,0,2
BRDA:57,1,1,0
BRDA:62,2,0,2
BRDA:62,2,1,0
BRDA:67,3,0,2
BRDA:67,3,1,0
BRDA:72,4,0,2
BRDA:72,4,1,0
BRDA:77,5,0,2
BRDA:77,5,1,0
BRDA:80,6,0,2
BRDA:80,6,1,0
BRDA:85,7,0,0
BRDA:85,7,1,2
BRF:17
BRH:8
end_of_record
TN:
SF:src\pages\play\index.tsx
FN:20,(anonymous_0)
FN:28,(anonymous_1)
FN:32,sorteio
FN:35,(anonymous_3)
FN:38,(anonymous_4)
FN:54,VerifyGuess
FN:70,onChangeGuess
FN:79,MakeAGuess
FN:98,Reset
FN:108,GetStatus
FN:130,(anonymous_10)
FN:149,(anonymous_11)
FN:151,(anonymous_12)
FNF:13
FNH:4
FNDA:2,(anonymous_0)
FNDA:2,(anonymous_1)
FNDA:1,sorteio
FNDA:0,(anonymous_3)
FNDA:0,(anonymous_4)
FNDA:0,VerifyGuess
FNDA:0,onChangeGuess
FNDA:0,MakeAGuess
FNDA:0,Reset
FNDA:2,GetStatus
FNDA:0,(anonymous_10)
FNDA:0,(anonymous_11)
FNDA:0,(anonymous_12)
DA:18,1
DA:20,1
DA:21,2
DA:22,2
DA:23,2
DA:24,2
DA:25,2
DA:26,2
DA:28,2
DA:29,2
DA:30,2
DA:33,1
DA:36,0
DA:39,0
DA:40,0
DA:41,0
DA:42,0
DA:43,0
DA:48,2
DA:49,1
DA:50,1
DA:56,0
DA:57,0
DA:59,0
DA:60,0
DA:61,0
DA:62,0
DA:63,0
DA:64,0
DA:66,0
DA:72,0
DA:73,0
DA:76,0
DA:80,0
DA:85,0
DA:86,0
DA:87,0
DA:88,0
DA:89,0
DA:90,0
DA:92,0
DA:93,0
DA:94,0
DA:99,0
DA:100,0
DA:101,0
DA:102,0
DA:103,0
DA:104,0
DA:105,0
DA:109,2
DA:110,0
DA:112,2
DA:113,0
DA:115,2
DA:118,2
DA:130,0
DA:149,0
DA:151,0
LF:59
LH:19
BRDA:39,0,0,0
BRDA:39,0,1,0
BRDA:48,1,0,1
BRDA:48,1,1,1
BRDA:59,2,0,0
BRDA:59,2,1,0
BRDA:63,3,0,0
BRDA:63,3,1,0
BRDA:85,4,0,0
BRDA:85,4,1,0
BRDA:85,5,0,0
BRDA:85,5,1,0
BRDA:85,5,2,0
BRDA:89,6,0,0
BRDA:89,6,1,0
BRDA:109,7,0,0
BRDA:109,7,1,2
BRDA:112,8,0,0
BRDA:112,8,1,2
BRDA:129,9,0,2
BRDA:129,9,1,2
BRDA:129,9,2,0
BRDA:136,10,0,0
BRDA:136,10,1,2
BRDA:136,11,0,2
BRDA:136,11,1,2
BRF:26
BRH:9
end_of_record
